# JRE version: Java(TM) SE Runtime Environment (21.0.2+13) (build 21.0.2+13-LTS-58)
# Java VM: Java HotSpot(TM) 64-Bit Server VM (21.0.2+13-LTS-58, mixed mode, sharing, tiered, compressed oops, compressed class ptrs, g1 gc, windows-amd64)
GC Precious Log:
 CardTable entry size: 512
 Card Set container configuration: InlinePtr #cards 4 size 8 Array Of Cards #cards 16 size 48 Howl #buckets 8 coarsen threshold 3686 Howl Bitmap #cards 512 size 80 coarsen threshold 460 Card regions per heap region 1 cards per card region 4096
 CPUs: 8 total, 8 available
 Memory: 16220M
 Large Page Support: Disabled
 NUMA Support: Disabled
 Compressed Oops: Enabled (Zero based)
 Heap Region Size: 2M
 Heap Min Capacity: 8M
 Heap Initial Capacity: 254M
 Heap Max Capacity: 4056M
 Pre-touch: Disabled
 Parallel Workers: 8
 Concurrent Workers: 2
 Concurrent Refinement Workers: 8
 Periodic GC: Disabled
Heap:
 garbage-first heap   total 75776K, used 40735K [0x0000000702800000, 0x0000000800000000)
  region size 2048K, 5 young (10240K), 1 survivors (2048K)
 Metaspace       used 71441K, committed 72256K, reserved 1114112K
  class space    used 8523K, committed 9024K, reserved 1048576K
GC Heap History (20 events):
Event: 6231.786 GC heap before
{Heap before GC invocations=34 (full 0):
 garbage-first heap   total 75776K, used 64662K [0x0000000702800000, 0x0000000800000000)
  region size 2048K, 15 young (30720K), 1 survivors (2048K)
 Metaspace       used 70869K, committed 71872K, reserved 1114112K
  class space    used 8505K, committed 9024K, reserved 1048576K
}
Event: 6231.795 GC heap after
{Heap after GC invocations=35 (full 0):
 garbage-first heap   total 75776K, used 35321K [0x0000000702800000, 0x0000000800000000)
  region size 2048K, 1 young (2048K), 1 survivors (2048K)
 Metaspace       used 70869K, committed 71872K, reserved 1114112K
  class space    used 8505K, committed 9024K, reserved 1048576K
}
Event: 6689.629 GC heap before
{Heap before GC invocations=35 (full 0):
 garbage-first heap   total 75776K, used 66041K [0x0000000702800000, 0x0000000800000000)
  region size 2048K, 16 young (32768K), 1 survivors (2048K)
 Metaspace       used 70935K, committed 71936K, reserved 1114112K
  class space    used 8505K, committed 9024K, reserved 1048576K
}
Event: 6689.634 GC heap after
{Heap after GC invocations=36 (full 0):
 garbage-first heap   total 75776K, used 35441K [0x0000000702800000, 0x0000000800000000)
  region size 2048K, 1 young (2048K), 1 survivors (2048K)
 Metaspace       used 70935K, committed 71936K, reserved 1114112K
  class space    used 8505K, committed 9024K, reserved 1048576K
}
Event: 7139.089 GC heap before
{Heap before GC invocations=37 (full 0):
 garbage-first heap   total 75776K, used 64113K [0x0000000702800000, 0x0000000800000000)
  region size 2048K, 15 young (30720K), 1 survivors (2048K)
 Metaspace       used 70912K, committed 71936K, reserved 1114112K
  class space    used 8497K, committed 9024K, reserved 1048576K
}
Event: 7139.097 GC heap after
{Heap after GC invocations=38 (full 0):
 garbage-first heap   total 75776K, used 35536K [0x0000000702800000, 0x0000000800000000)
  region size 2048K, 1 young (2048K), 1 survivors (2048K)
 Metaspace       used 70912K, committed 71936K, reserved 1114112K
  class space    used 8497K, committed 9024K, reserved 1048576K
}
Event: 7565.403 GC heap before
{Heap before GC invocations=38 (full 0):
 garbage-first heap   total 75776K, used 64208K [0x0000000702800000, 0x0000000800000000)
  region size 2048K, 15 young (30720K), 1 survivors (2048K)
 Metaspace       used 70995K, committed 72000K, reserved 1114112K
  class space    used 8497K, committed 9024K, reserved 1048576K
}
Event: 7565.411 GC heap after
{Heap after GC invocations=39 (full 0):
 garbage-first heap   total 75776K, used 35010K [0x0000000702800000, 0x0000000800000000)
  region size 2048K, 1 young (2048K), 1 survivors (2048K)
 Metaspace       used 70995K, committed 72000K, reserved 1114112K
  class space    used 8497K, committed 9024K, reserved 1048576K
}
Event: 8034.463 GC heap before
{Heap before GC invocations=39 (full 0):
 garbage-first heap   total 75776K, used 65730K [0x0000000702800000, 0x0000000800000000)
  region size 2048K, 16 young (32768K), 1 survivors (2048K)
 Metaspace       used 71131K, committed 72064K, reserved 1114112K
  class space    used 8497K, committed 9024K, reserved 1048576K
}
Event: 8034.466 GC heap after
{Heap after GC invocations=40 (full 0):
 garbage-first heap   total 75776K, used 35225K [0x0000000702800000, 0x0000000800000000)
  region size 2048K, 1 young (2048K), 1 survivors (2048K)
 Metaspace       used 71131K, committed 72064K, reserved 1114112K
  class space    used 8497K, committed 9024K, reserved 1048576K
}
Event: 8505.903 GC heap before
{Heap before GC invocations=41 (full 0):
 garbage-first heap   total 75776K, used 65945K [0x0000000702800000, 0x0000000800000000)
  region size 2048K, 16 young (32768K), 1 survivors (2048K)
 Metaspace       used 71175K, committed 72128K, reserved 1114112K
  class space    used 8498K, committed 9024K, reserved 1048576K
}
Event: 8505.905 GC heap after
{Heap after GC invocations=42 (full 0):
 garbage-first heap   total 75776K, used 35210K [0x0000000702800000, 0x0000000800000000)
  region size 2048K, 1 young (2048K), 1 survivors (2048K)
 Metaspace       used 71175K, committed 72128K, reserved 1114112K
  class space    used 8498K, committed 9024K, reserved 1048576K
}
Event: 8977.751 GC heap before
{Heap before GC invocations=42 (full 0):
 garbage-first heap   total 75776K, used 65930K [0x0000000702800000, 0x0000000800000000)
  region size 2048K, 16 young (32768K), 1 survivors (2048K)
 Metaspace       used 71175K, committed 72128K, reserved 1114112K
  class space    used 8498K, committed 9024K, reserved 1048576K
}
Event: 8977.758 GC heap after
{Heap after GC invocations=43 (full 0):
 garbage-first heap   total 75776K, used 34749K [0x0000000702800000, 0x0000000800000000)
  region size 2048K, 1 young (2048K), 1 survivors (2048K)
 Metaspace       used 71175K, committed 72128K, reserved 1114112K
  class space    used 8498K, committed 9024K, reserved 1048576K
}
Event: 9436.739 GC heap before
{Heap before GC invocations=43 (full 0):
 garbage-first heap   total 75776K, used 65469K [0x0000000702800000, 0x0000000800000000)
  region size 2048K, 16 young (32768K), 1 survivors (2048K)
 Metaspace       used 71216K, committed 72128K, reserved 1114112K
  class space    used 8498K, committed 9024K, reserved 1048576K
}
Event: 9436.742 GC heap after
{Heap after GC invocations=44 (full 0):
 garbage-first heap   total 75776K, used 34878K [0x0000000702800000, 0x0000000800000000)
  region size 2048K, 1 young (2048K), 1 survivors (2048K)
 Metaspace       used 71216K, committed 72128K, reserved 1114112K
  class space    used 8498K, committed 9024K, reserved 1048576K
}
Event: 9907.723 GC heap before
{Heap before GC invocations=45 (full 0):
 garbage-first heap   total 75776K, used 65598K [0x0000000702800000, 0x0000000800000000)
  region size 2048K, 16 young (32768K), 1 survivors (2048K)
 Metaspace       used 71247K, committed 72128K, reserved 1114112K
  class space    used 8498K, committed 9024K, reserved 1048576K
}
Event: 9907.730 GC heap after
{Heap after GC invocations=46 (full 0):
 garbage-first heap   total 75776K, used 34880K [0x0000000702800000, 0x0000000800000000)
  region size 2048K, 1 young (2048K), 1 survivors (2048K)
 Metaspace       used 71247K, committed 72128K, reserved 1114112K
  class space    used 8498K, committed 9024K, reserved 1048576K
}
Event: 10367.502 GC heap before
{Heap before GC invocations=46 (full 0):
 garbage-first heap   total 75776K, used 65600K [0x0000000702800000, 0x0000000800000000)
  region size 2048K, 16 young (32768K), 1 survivors (2048K)
 Metaspace       used 71307K, committed 72192K, reserved 1114112K
  class space    used 8498K, committed 9024K, reserved 1048576K
}
Event: 10367.513 GC heap after
{Heap after GC invocations=47 (full 0):
 garbage-first heap   total 75776K, used 34591K [0x0000000702800000, 0x0000000800000000)
  region size 2048K, 1 young (2048K), 1 survivors (2048K)
 Metaspace       used 71307K, committed 72192K, reserved 1114112K
  class space    used 8498K, committed 9024K, reserved 1048576K
}

