# JRE version: Java(TM) SE Runtime Environment (21.0.2+13) (build 21.0.2+13-LTS-58)
# Java VM: Java HotSpot(TM) 64-Bit Server VM (21.0.2+13-LTS-58, mixed mode, sharing, tiered, compressed oops, compressed class ptrs, g1 gc, windows-amd64)
GC Precious Log:
 CardTable entry size: 512
 Card Set container configuration: InlinePtr #cards 4 size 8 Array Of Cards #cards 16 size 48 Howl #buckets 8 coarsen threshold 3686 Howl Bitmap #cards 512 size 80 coarsen threshold 460 Card regions per heap region 1 cards per card region 4096
 CPUs: 8 total, 8 available
 Memory: 16220M
 Large Page Support: Disabled
 NUMA Support: Disabled
 Compressed Oops: Enabled (Zero based)
 Heap Region Size: 2M
 Heap Min Capacity: 8M
 Heap Initial Capacity: 254M
 Heap Max Capacity: 4056M
 Pre-touch: Disabled
 Parallel Workers: 8
 Concurrent Workers: 2
 Concurrent Refinement Workers: 8
 Periodic GC: Disabled
Heap:
 garbage-first heap   total 129024K, used 89986K [0x0000000702800000, 0x0000000800000000)
  region size 2048K, 14 young (28672K), 1 survivors (2048K)
 Metaspace       used 125576K, committed 126784K, reserved 1179648K
  class space    used 16259K, committed 16832K, reserved 1048576K
GC Heap History (20 events):
Event: 4893.673 GC heap before
{Heap before GC invocations=43 (full 0):
 garbage-first heap   total 126976K, used 115173K [0x0000000702800000, 0x0000000800000000)
  region size 2048K, 23 young (47104K), 1 survivors (2048K)
 Metaspace       used 124694K, committed 126272K, reserved 1179648K
  class space    used 16221K, committed 16832K, reserved 1048576K
}
Event: 4893.677 GC heap after
{Heap after GC invocations=44 (full 0):
 garbage-first heap   total 126976K, used 70049K [0x0000000702800000, 0x0000000800000000)
  region size 2048K, 1 young (2048K), 1 survivors (2048K)
 Metaspace       used 124694K, committed 126272K, reserved 1179648K
  class space    used 16221K, committed 16832K, reserved 1048576K
}
Event: 5373.208 GC heap before
{Heap before GC invocations=44 (full 0):
 garbage-first heap   total 126976K, used 115105K [0x0000000702800000, 0x0000000800000000)
  region size 2048K, 23 young (47104K), 1 survivors (2048K)
 Metaspace       used 124791K, committed 126272K, reserved 1179648K
  class space    used 16222K, committed 16832K, reserved 1048576K
}
Event: 5373.231 GC heap after
{Heap after GC invocations=45 (full 0):
 garbage-first heap   total 129024K, used 66410K [0x0000000702800000, 0x0000000800000000)
  region size 2048K, 1 young (2048K), 1 survivors (2048K)
 Metaspace       used 124791K, committed 126272K, reserved 1179648K
  class space    used 16222K, committed 16832K, reserved 1048576K
}
Event: 5980.775 GC heap before
{Heap before GC invocations=45 (full 0):
 garbage-first heap   total 129024K, used 117610K [0x0000000702800000, 0x0000000800000000)
  region size 2048K, 26 young (53248K), 1 survivors (2048K)
 Metaspace       used 124930K, committed 126400K, reserved 1179648K
  class space    used 16224K, committed 16832K, reserved 1048576K
}
Event: 5980.787 GC heap after
{Heap after GC invocations=46 (full 0):
 garbage-first heap   total 129024K, used 66630K [0x0000000702800000, 0x0000000800000000)
  region size 2048K, 1 young (2048K), 1 survivors (2048K)
 Metaspace       used 124930K, committed 126400K, reserved 1179648K
  class space    used 16224K, committed 16832K, reserved 1048576K
}
Event: 6586.900 GC heap before
{Heap before GC invocations=46 (full 0):
 garbage-first heap   total 129024K, used 117830K [0x0000000702800000, 0x0000000800000000)
  region size 2048K, 26 young (53248K), 1 survivors (2048K)
 Metaspace       used 125014K, committed 126464K, reserved 1179648K
  class space    used 16224K, committed 16832K, reserved 1048576K
}
Event: 6586.906 GC heap after
{Heap after GC invocations=47 (full 0):
 garbage-first heap   total 129024K, used 66640K [0x0000000702800000, 0x0000000800000000)
  region size 2048K, 1 young (2048K), 1 survivors (2048K)
 Metaspace       used 125014K, committed 126464K, reserved 1179648K
  class space    used 16224K, committed 16832K, reserved 1048576K
}
Event: 7155.906 GC heap before
{Heap before GC invocations=48 (full 0):
 garbage-first heap   total 129024K, used 115792K [0x0000000702800000, 0x0000000800000000)
  region size 2048K, 26 young (53248K), 1 survivors (2048K)
 Metaspace       used 125085K, committed 126464K, reserved 1179648K
  class space    used 16225K, committed 16832K, reserved 1048576K
}
Event: 7155.916 GC heap after
{Heap after GC invocations=49 (full 0):
 garbage-first heap   total 129024K, used 66571K [0x0000000702800000, 0x0000000800000000)
  region size 2048K, 1 young (2048K), 1 survivors (2048K)
 Metaspace       used 125085K, committed 126464K, reserved 1179648K
  class space    used 16225K, committed 16832K, reserved 1048576K
}
Event: 7752.263 GC heap before
{Heap before GC invocations=49 (full 0):
 garbage-first heap   total 129024K, used 117771K [0x0000000702800000, 0x0000000800000000)
  region size 2048K, 26 young (53248K), 1 survivors (2048K)
 Metaspace       used 125240K, committed 126528K, reserved 1179648K
  class space    used 16225K, committed 16832K, reserved 1048576K
}
Event: 7752.272 GC heap after
{Heap after GC invocations=50 (full 0):
 garbage-first heap   total 129024K, used 65624K [0x0000000702800000, 0x0000000800000000)
  region size 2048K, 1 young (2048K), 1 survivors (2048K)
 Metaspace       used 125240K, committed 126528K, reserved 1179648K
  class space    used 16225K, committed 16832K, reserved 1048576K
}
Event: 8358.714 GC heap before
{Heap before GC invocations=50 (full 0):
 garbage-first heap   total 129024K, used 116824K [0x0000000702800000, 0x0000000800000000)
  region size 2048K, 26 young (53248K), 1 survivors (2048K)
 Metaspace       used 125302K, committed 126528K, reserved 1179648K
  class space    used 16226K, committed 16832K, reserved 1048576K
}
Event: 8358.718 GC heap after
{Heap after GC invocations=51 (full 0):
 garbage-first heap   total 129024K, used 66001K [0x0000000702800000, 0x0000000800000000)
  region size 2048K, 1 young (2048K), 1 survivors (2048K)
 Metaspace       used 125302K, committed 126528K, reserved 1179648K
  class space    used 16226K, committed 16832K, reserved 1048576K
}
Event: 8919.796 GC heap before
{Heap before GC invocations=52 (full 0):
 garbage-first heap   total 129024K, used 117201K [0x0000000702800000, 0x0000000800000000)
  region size 2048K, 26 young (53248K), 1 survivors (2048K)
 Metaspace       used 125357K, committed 126656K, reserved 1179648K
  class space    used 16226K, committed 16832K, reserved 1048576K
}
Event: 8919.800 GC heap after
{Heap after GC invocations=53 (full 0):
 garbage-first heap   total 129024K, used 65958K [0x0000000702800000, 0x0000000800000000)
  region size 2048K, 1 young (2048K), 1 survivors (2048K)
 Metaspace       used 125357K, committed 126656K, reserved 1179648K
  class space    used 16226K, committed 16832K, reserved 1048576K
}
Event: 9517.324 GC heap before
{Heap before GC invocations=53 (full 0):
 garbage-first heap   total 129024K, used 117158K [0x0000000702800000, 0x0000000800000000)
  region size 2048K, 26 young (53248K), 1 survivors (2048K)
 Metaspace       used 125377K, committed 126656K, reserved 1179648K
  class space    used 16226K, committed 16832K, reserved 1048576K
}
Event: 9517.337 GC heap after
{Heap after GC invocations=54 (full 0):
 garbage-first heap   total 129024K, used 64981K [0x0000000702800000, 0x0000000800000000)
  region size 2048K, 1 young (2048K), 1 survivors (2048K)
 Metaspace       used 125377K, committed 126656K, reserved 1179648K
  class space    used 16226K, committed 16832K, reserved 1048576K
}
Event: 10126.885 GC heap before
{Heap before GC invocations=54 (full 0):
 garbage-first heap   total 129024K, used 116181K [0x0000000702800000, 0x0000000800000000)
  region size 2048K, 26 young (53248K), 1 survivors (2048K)
 Metaspace       used 125428K, committed 126720K, reserved 1179648K
  class space    used 16226K, committed 16832K, reserved 1048576K
}
Event: 10126.888 GC heap after
{Heap after GC invocations=55 (full 0):
 garbage-first heap   total 129024K, used 65410K [0x0000000702800000, 0x0000000800000000)
  region size 2048K, 1 young (2048K), 1 survivors (2048K)
 Metaspace       used 125428K, committed 126720K, reserved 1179648K
  class space    used 16226K, committed 16832K, reserved 1048576K
}

